<?xml version="1.0" encoding="UTF-8"?>
<testng-results ignored="0" total="3" passed="3" failed="0" skipped="0">
  <reporter-output>
  </reporter-output>
  <suite started-at="2026-06-01T18:12:09 IST" name="Default suite" finished-at="2026-06-01T18:12:13 IST" duration-ms="4319">
    <groups>
      <group name="cucumber">
        <method signature="AbstractTestNGCucumberTests.runScenario(io.cucumber.testng.PickleWrapper,io.cucumber.testng.FeatureWrapper)[pri:0, instance:com.api.CucumberRunner@5c7bfdc1]" name="runScenario" class="io.cucumber.testng.AbstractTestNGCucumberTests"/>
      </group> <!-- cucumber -->
    </groups>
    <test started-at="2026-06-01T18:12:09 IST" name="Default test" finished-at="2026-06-01T18:12:13 IST" duration-ms="4319">
      <class name="com.api.CucumberRunner">
        <test-method is-config="true" signature="setUpClass(org.testng.ITestContext)[pri:0, instance:com.api.CucumberRunner@5c7bfdc1]" started-at="2026-06-01T18:12:09 IST" name="setUpClass" finished-at="2026-06-01T18:12:09 IST" duration-ms="205" status="PASS">
          <params>
            <param index="0">
              <value>
                <![CDATA[org.testng.TestRunner@9e30f9a]]>
              </value>
            </param>
          </params>
          <reporter-output>
          </reporter-output>
        </test-method> <!-- setUpClass -->
        <test-method signature="runScenario(io.cucumber.testng.PickleWrapper,io.cucumber.testng.FeatureWrapper)[pri:0, instance:com.api.CucumberRunner@5c7bfdc1]" started-at="2026-06-01T18:12:09 IST" name="runScenario" description="Runs Cucumber Scenarios" data-provider="scenarios" finished-at="2026-06-01T18:12:11 IST" duration-ms="1940" status="PASS">
          <params>
            <param index="0">
              <value>
                <![CDATA["Get a single post"]]>
              </value>
            </param>
            <param index="1">
              <value>
                <![CDATA["Posts API"]]>
              </value>
            </param>
          </params>
          <reporter-output>
          </reporter-output>
        </test-method> <!-- runScenario -->
        <test-method signature="runScenario(io.cucumber.testng.PickleWrapper,io.cucumber.testng.FeatureWrapper)[pri:0, instance:com.api.CucumberRunner@5c7bfdc1]" started-at="2026-06-01T18:12:11 IST" name="runScenario" description="Runs Cucumber Scenarios" data-provider="scenarios" finished-at="2026-06-01T18:12:13 IST" duration-ms="1726" status="PASS">
          <params>
            <param index="0">
              <value>
                <![CDATA["Create a new post"]]>
              </value>
            </param>
            <param index="1">
              <value>
                <![CDATA["Posts API"]]>
              </value>
            </param>
          </params>
          <reporter-output>
          </reporter-output>
        </test-method> <!-- runScenario -->
        <test-method signature="runScenario(io.cucumber.testng.PickleWrapper,io.cucumber.testng.FeatureWrapper)[pri:0, instance:com.api.CucumberRunner@5c7bfdc1]" started-at="2026-06-01T18:12:13 IST" name="runScenario" description="Runs Cucumber Scenarios" data-provider="scenarios" finished-at="2026-06-01T18:12:13 IST" duration-ms="333" status="PASS">
          <params>
            <param index="0">
              <value>
                <![CDATA["Delete a post"]]>
              </value>
            </param>
            <param index="1">
              <value>
                <![CDATA["Posts API"]]>
              </value>
            </param>
          </params>
          <reporter-output>
          </reporter-output>
        </test-method> <!-- runScenario -->
        <test-method is-config="true" signature="tearDownClass()[pri:0, instance:com.api.CucumberRunner@5c7bfdc1]" started-at="2026-06-01T18:12:13 IST" name="tearDownClass" finished-at="2026-06-01T18:12:13 IST" duration-ms="14" status="PASS">
          <reporter-output>
          </reporter-output>
        </test-method> <!-- tearDownClass -->
      </class> <!-- com.api.CucumberRunner -->
    </test> <!-- Default test -->
  </suite> <!-- Default suite -->
</testng-results>
