<?xml version="1.0" encoding="UTF-8"?>
<!-- Generated by org.testng.reporters.JUnitReportReporter -->
<testsuite hostname="LTIN689339" failures="0" tests="3" name="com.api.CucumberRunner" time="3.999" errors="0" timestamp="2026-06-01T18:12:14 IST" skipped="0">
  <testcase classname="com.api.CucumberRunner" name="runScenario" time="0.333"/>
  <testcase classname="com.api.CucumberRunner" name="runScenario" time="1.940"/>
  <testcase classname="com.api.CucumberRunner" name="runScenario" time="1.726"/>
</testsuite> <!-- com.api.CucumberRunner -->
