<?xml version="1.0" encoding="UTF-8"?>
<!-- Generated by org.testng.reporters.JUnitReportReporter -->
<testsuite hostname="LTIN689339" failures="0" tests="17" name="com.api.BasicApiTest" time="8.736" errors="0" timestamp="2026-06-01T18:07:04 IST" skipped="0">
  <testcase classname="com.api.BasicApiTest" name="testGetPost" time="0.127"/>
  <testcase classname="com.api.BasicApiTest" name="testInlineJsonPath" time="0.177"/>
  <testcase classname="com.api.BasicApiTest" name="testDeletePost" time="0.355"/>
  <testcase classname="com.api.BasicApiTest" name="testGetAllPosts" time="0.142"/>
  <testcase classname="com.api.BasicApiTest" name="testSchemaValidation" time="0.337"/>
  <testcase classname="com.api.BasicApiTest" name="testDataDriven" time="0.162"/>
  <testcase classname="com.api.BasicApiTest" name="testCreatePost" time="2.621"/>
  <testcase classname="com.api.BasicApiTest" name="testDataDriven" time="0.790"/>
  <testcase classname="com.api.BasicApiTest" name="testDataDriven" time="0.956"/>
  <testcase classname="com.api.BasicApiTest" name="testPojoSerialization" time="0.432"/>
  <testcase classname="com.api.BasicApiTest" name="testExtractNestedField" time="0.118"/>
  <testcase classname="com.api.BasicApiTest" name="testPojoDeserialization" time="0.295"/>
  <testcase classname="com.api.BasicApiTest" name="testExtractList" time="0.194"/>
  <testcase classname="com.api.BasicApiTest" name="testUpdatePost" time="0.824"/>
  <testcase classname="com.api.BasicApiTest" name="testExtractValue" time="0.124"/>
  <testcase classname="com.api.BasicApiTest" name="testFilterArray" time="0.254"/>
  <testcase classname="com.api.BasicApiTest" name="testDataDriven" time="0.828"/>
</testsuite> <!-- com.api.BasicApiTest -->
